2026-03-20 13:23:51:INFO:********Test_01_Admin_login************
2026-03-20 13:23:51:INFO:********verification of admin page title************
2026-03-20 13:23:51:INFO:********test_title_verfication Title match ************
2026-03-20 13:23:53:INFO:********test_valid_admin_login started************
2026-03-20 13:23:54:INFO:********test_valid_admin_login Dashboard text found************
2026-03-20 13:23:56:INFO:******** test_invalid_admin_login************
2026-03-20 13:23:57:INFO:******** test_invalid_admin_login error message found************
2026-03-20 14:48:21:INFO:********Test_01_Admin_login************
2026-03-20 14:48:21:INFO:********verification of admin page title************
2026-03-20 14:48:21:INFO:********test_title_verfication Title match ************
2026-03-20 14:48:23:INFO:********test_valid_admin_login started************
2026-03-20 14:48:24:INFO:********test_valid_admin_login Dashboard text found************
2026-03-20 14:48:25:INFO:******** test_invalid_admin_login************
2026-03-20 14:48:26:INFO:******** test_invalid_admin_login error message found************
2026-03-20 14:50:19:INFO:********Test_01_Admin_login************
2026-03-20 14:50:19:INFO:********verification of admin page title************
2026-03-20 14:50:22:INFO:********test_title_verfication Title match ************
2026-03-20 14:50:35:INFO:********test_valid_admin_login started************
2026-03-20 14:50:36:INFO:********test_valid_admin_login Dashboard text found************
2026-03-20 14:50:47:INFO:******** test_invalid_admin_login************
2026-03-20 14:50:48:INFO:******** test_invalid_admin_login error message found************
2026-03-20 14:51:22:INFO:********Test_01_Admin_login************
2026-03-20 14:51:22:INFO:********verification of admin page title************
2026-03-20 14:51:23:INFO:********test_title_verfication Title match ************
2026-03-20 14:51:25:INFO:********test_valid_admin_login started************
2026-03-20 14:51:26:INFO:********test_valid_admin_login Dashboard text found************
2026-03-20 14:51:28:INFO:******** test_invalid_admin_login************
2026-03-20 14:51:28:INFO:******** test_invalid_admin_login error message found************
2026-03-20 18:19:11:INFO:********test_valid_admin_login started************
2026-03-20 18:19:12:INFO:******** test_invalid_admin_login************
2026-03-20 18:19:22:INFO:********Test_01_Admin_login************
2026-03-20 18:19:22:INFO:********verification of admin page title************
2026-03-20 18:19:22:INFO:********test_title_verfication Title match ************
2026-03-20 18:19:23:INFO:********test_valid_admin_login Dashboard text found************
2026-03-20 18:19:23:INFO:******** test_invalid_admin_login error message found************
2026-03-20 18:33:40:INFO:********Test_01_Admin_login************
2026-03-20 18:33:40:INFO:********verification of admin page title************
2026-03-20 18:33:40:INFO:********test_title_verfication Title match ************
2026-03-20 18:33:41:INFO:********test_valid_admin_login started************
2026-03-20 18:33:43:INFO:********test_valid_admin_login Dashboard text found************
2026-03-20 18:33:44:INFO:******** test_invalid_admin_login************
2026-03-20 18:33:45:INFO:******** test_invalid_admin_login error message found************
2026-03-20 19:07:09:INFO:********Test_01_Admin_login************
2026-03-20 19:07:09:INFO:********verification of admin page title************
2026-03-20 19:07:10:INFO:********test_title_verfication Title match ************
2026-03-20 19:07:11:INFO:********test_valid_admin_login started************
2026-03-20 19:07:12:INFO:********test_valid_admin_login Dashboard text found************
2026-03-20 19:07:14:INFO:******** test_invalid_admin_login************
2026-03-20 19:07:15:INFO:******** test_invalid_admin_login error message found************
2026-03-24 15:41:25:INFO:********test_valid_admin_login_data_driven************
2026-03-24 16:47:27:WARNING:Error sending stats to Plausible: error sending request for url (https://plausible.io/api/event)
2026-03-24 16:47:31:INFO:********test_valid_admin_login_data_driven************
2026-03-24 16:49:06:INFO:********test_valid_admin_login_data_driven************
2026-03-24 16:51:37:INFO:********test_valid_admin_login_data_driven************
2026-03-24 16:51:44:INFO:test data is passed
2026-03-24 16:57:01:INFO:******** test_valid_admin_login_data_driven ********
2026-03-24 16:57:05:INFO:Test data Passed
2026-03-24 16:57:13:INFO:Test data Failed
2026-03-24 16:57:46:INFO:******** test_valid_admin_login_data_driven ********
2026-03-24 16:57:50:INFO:Test data Passed
2026-03-24 16:57:58:INFO:Test data Failed
2026-03-24 17:03:21:INFO:******** test_valid_admin_login_data_driven ********
2026-03-24 17:03:25:INFO:Test data Passed
2026-03-24 17:03:33:INFO:Test data Failed
2026-03-24 17:03:36:INFO:Test data Passed
2026-03-24 17:03:44:INFO:Test data Failed
2026-03-24 17:03:44:INFO:Data Driven Test Failed
2026-03-24 17:08:04:INFO:******** test_valid_admin_login_data_driven ********
2026-03-24 17:08:08:INFO:Test data Passed
2026-03-24 17:08:16:INFO:Test data Passed
2026-03-24 17:08:19:INFO:Test data Passed
2026-03-24 17:08:27:INFO:Test data Passed
2026-03-24 17:08:27:INFO:Data Driven Test Passed
2026-03-24 17:12:28:INFO:******** test_valid_admin_login_data_driven ********
2026-03-24 17:12:32:INFO:Test data Passed
2026-03-24 17:12:40:INFO:Test data Passed
2026-03-24 17:12:43:INFO:Test data Passed
2026-03-24 17:12:51:INFO:Test data Passed
2026-03-24 17:12:51:INFO:Data Driven Test Passed
2026-03-24 17:59:02:INFO:********test_valid_admin_login started************
2026-03-24 17:59:13:INFO:********test_valid_admin_login Dashboard text found************
2026-03-24 18:00:22:INFO:********test_valid_admin_login started************
2026-03-24 18:00:23:INFO:********test_valid_admin_login Dashboard text found************
2026-03-24 18:02:57:INFO:********Test_01_Admin_login************
2026-03-24 18:02:57:INFO:********verification of admin page title************
2026-03-24 18:02:57:INFO:********test_title_verfication Title match ************
2026-03-24 18:02:59:INFO:********test_valid_admin_login started************
2026-03-24 18:03:00:INFO:********test_valid_admin_login Dashboard text found************
2026-03-24 18:03:02:INFO:******** test_invalid_admin_login************
2026-03-24 18:03:03:INFO:******** test_invalid_admin_login error message found************
2026-03-24 18:38:55:INFO:********Test_01_Admin_login************
2026-03-24 18:38:55:INFO:********verification of admin page title************
2026-03-24 18:38:56:INFO:********test_title_verfication Title match ************
2026-03-24 18:38:58:INFO:********test_valid_admin_login started************
2026-03-24 18:38:59:INFO:********test_valid_admin_login Dashboard text found************
2026-03-24 18:39:01:INFO:******** test_invalid_admin_login************
2026-03-24 18:39:03:INFO:******** test_invalid_admin_login error message found************
2026-03-24 18:39:05:INFO:******** test_valid_admin_login_data_driven ********
2026-03-24 18:39:09:INFO:Test data Passed
2026-03-24 18:39:16:INFO:Test data Passed
2026-03-24 18:39:20:INFO:Test data Passed
2026-03-24 18:39:28:INFO:Test data Passed
2026-03-24 18:39:28:INFO:Data Driven Test Passed
